<?xml version="1.0" encoding="UTF-8"?>
<testng-results skipped="0" failed="0" total="1" passed="1">
  <reporter-output>
  </reporter-output>
  <suite name="Default suite" duration-ms="9202" started-at="2019-07-09T10:49:42Z" finished-at="2019-07-09T10:49:51Z">
    <groups>
    </groups>
    <test name="Default test" duration-ms="9202" started-at="2019-07-09T10:49:42Z" finished-at="2019-07-09T10:49:51Z">
      <class name="com.training.sanity.tests.LoginTests">
        <test-method status="PASS" signature="setUpBeforeClass()[pri:0, instance:com.training.sanity.tests.LoginTests@224edc67]" name="setUpBeforeClass" is-config="true" duration-ms="10" started-at="2019-07-09T16:19:42Z" finished-at="2019-07-09T16:19:42Z">
          <reporter-output>
          </reporter-output>
        </test-method> <!-- setUpBeforeClass -->
        <test-method status="PASS" signature="setUp()[pri:0, instance:com.training.sanity.tests.LoginTests@224edc67]" name="setUp" is-config="true" duration-ms="5912" started-at="2019-07-09T16:19:42Z" finished-at="2019-07-09T16:19:48Z">
          <reporter-output>
          </reporter-output>
        </test-method> <!-- setUp -->
        <test-method status="PASS" signature="validLoginTest()[pri:0, instance:com.training.sanity.tests.LoginTests@224edc67]" name="validLoginTest" duration-ms="1440" started-at="2019-07-09T16:19:48Z" finished-at="2019-07-09T16:19:50Z">
          <reporter-output>
          </reporter-output>
        </test-method> <!-- validLoginTest -->
        <test-method status="PASS" signature="tearDown()[pri:0, instance:com.training.sanity.tests.LoginTests@224edc67]" name="tearDown" is-config="true" duration-ms="1818" started-at="2019-07-09T16:19:50Z" finished-at="2019-07-09T16:19:51Z">
          <reporter-output>
          </reporter-output>
        </test-method> <!-- tearDown -->
      </class> <!-- com.training.sanity.tests.LoginTests -->
    </test> <!-- Default test -->
  </suite> <!-- Default suite -->
</testng-results>
